<?xml version="1.0" encoding="UTF-8"?>
<testsuite xmlns:xsi="http://www.w3.org/2001/XMLSchema-instance" xsi:noNamespaceSchemaLocation="https://maven.apache.org/surefire/maven-surefire-plugin/xsd/surefire-test-report-3.0.xsd" version="3.0" name="runner.TestRunner" time="36.89" tests="1" errors="0" skipped="0" failures="0">
  <properties>
[...]
</properties>
  <testcase name="runScenario[&quot;Fetch and process articles&quot;, &quot;Scrape and translate El Pais Opinion section&quot;](1)" classname="runner.TestRunner" time="31.483">
    <system-out><![CDATA[
Scenario: Fetch and process articles                                         # src/test/resources/features/Elpais.feature:3
  Given I navigate to the El Pais Opinion section                            # steps.ElPaisSteps.iNavigateToTheElPaisOpinionSection()
  And Ensure that whole text is in Spanish                                   # steps.ElPaisSteps.ensureWholeTextIsInSpanish()
  And I navigate to the Opinion section                                      # steps.ElPaisSteps.i_navigate_to_the_opinion_section()
  When I fetch the first five articles                                       # steps.ElPaisSteps.iFetchTheFirstFiveArticles()
Título: El suicidio de la ciencia en EE UU
Contenido: Las agencias científicas más potentes del mundo están siendo desmanteladas por un Gobierno ignorante y fanatizado
-------------------------
Título: Petro, en la recta final
Contenido: Las agencias científicas más potentes del mundo están siendo desmanteladas por un Gobierno ignorante y fanatizado
-------------------------
Título: Cinismo para la libertad de medios
Contenido: Las agencias científicas más potentes del mundo están siendo desmanteladas por un Gobierno ignorante y fanatizado
-------------------------
Título: ‘Locus horridus’: el sentido de la banalidad del mal en Gaza
Contenido: Las agencias científicas más potentes del mundo están siendo desmanteladas por un Gobierno ignorante y fanatizado
-------------------------
Título: Momentos de Verano (II)
Contenido: Las agencias científicas más potentes del mundo están siendo desmanteladas por un Gobierno ignorante y fanatizado
-------------------------
  Then I print titles and contents in Spanish                                # steps.ElPaisSteps.printStoredArticlesInSpanish()
  And I download cover images if available                                   # steps.ElPaisSteps.downloadCoverImagesIfAvailable()
DEBUG Translation API raw response: {"trans":{"text":"The suicide of science in the US"}}
Original Title in Spanish: El suicidio de la ciencia en EE UU
Translated Title in English: The suicide of science in the US
-------------------------
DEBUG Translation API raw response: {"trans":{"text":"Petro, in the final stretch"}}
Original Title in Spanish: Petro, en la recta final
Translated Title in English: Petro, in the final stretch
-------------------------
DEBUG Translation API raw response: {"trans":{"text":"Cinism for the freedom of media"}}
Original Title in Spanish: Cinismo para la libertad de medios
Translated Title in English: Cinism for the freedom of media
-------------------------
DEBUG Translation API raw response: {"trans":{"text":"‘Locus horridus’: the meaning of the banality of evil in Gaza"}}
Original Title in Spanish: ‘Locus horridus’: el sentido de la banalidad del mal en Gaza
Translated Title in English: ‘Locus horridus’: the meaning of the banality of evil in Gaza
-------------------------
DEBUG Translation API raw response: {"trans":{"text":"Summer moments (II)"}}
Original Title in Spanish: Momentos de Verano (II)
Translated Title in English: Summer moments (II)
-------------------------
  And I translate and print the titles of the first five articles in english # steps.ElPaisSteps.translateTitlesToEnglish()
Words repeated more than twice:
in: 3 times repeated
the: 6 times repeated
of: 4 times repeated
  And I analyze translated headers for repeated words and print them         # steps.ElPaisSteps.iAnalyzeTranslatedHeadersForRepeatedWordsAndPrintThem()
]]></system-out>
    <system-err><![CDATA[[main] INFO hooks.Hooks - Deleted old image: article_5.jpg
[main] INFO hooks.Hooks - Deleted old image: article_4.jpg
Aug 11, 2025 4:33:03 PM org.openqa.selenium.devtools.CdpVersionFinder findNearestMatch
WARNING: Unable to find an exact match for CDP version 138, returning the closest version; found: 137; Please update to a Selenium version that supports CDP version 138
[main] INFO hooks.Hooks - Running tests locally on Chrome with temporary profile
[main] INFO hooks.Hooks - 'Aceptar' button clicked successfully.
[main] INFO hooks.Hooks - No consent wall present or already accepted.
[main] INFO hooks.Hooks - Navigated to Opinion section.
[main] INFO hooks.Hooks - No image found for article 1
[main] INFO hooks.Hooks - No image found for article 2
[main] INFO hooks.Hooks - No image found for article 3
[main] INFO hooks.Hooks - Image saved: article_4.jpg
[main] INFO hooks.Hooks - Image saved: article_5.jpg
[main] INFO hooks.Hooks - Browser session ended
]]></system-err>
  </testcase>
</testsuite>