<?xml version="1.0" encoding="UTF-8"?>
<testng-results ignored="0" total="1" passed="1" failed="0" skipped="0">
  <reporter-output>
  </reporter-output>
  <suite started-at="2025-08-11T16:33:01 IST" name="Surefire suite" finished-at="2025-08-11T16:33:33 IST" duration-ms="31708">
    <groups>
      <group name="cucumber">
        <method signature="AbstractTestNGCucumberTests.runScenario(io.cucumber.testng.PickleWrapper,io.cucumber.testng.FeatureWrapper)[pri:0, instance:runner.TestRunner@363ee3a2]" name="runScenario" class="io.cucumber.testng.AbstractTestNGCucumberTests"/>
      </group> <!-- cucumber -->
    </groups>
    <test started-at="2025-08-11T16:33:01 IST" name="Surefire test" finished-at="2025-08-11T16:33:33 IST" duration-ms="31708">
      <class name="runner.TestRunner">
        <test-method is-config="true" signature="setUpClass(org.testng.ITestContext)[pri:0, instance:runner.TestRunner@363ee3a2]" started-at="2025-08-11T16:33:01 IST" name="setUpClass" finished-at="2025-08-11T16:33:01 IST" duration-ms="189" status="PASS">
          <params>
            <param index="0">
              <value>
                <![CDATA[org.testng.TestRunner@2ddb3ae8]]>
              </value>
            </param>
          </params>
          <reporter-output>
          </reporter-output>
        </test-method> <!-- setUpClass -->
        <test-method signature="runScenario(io.cucumber.testng.PickleWrapper,io.cucumber.testng.FeatureWrapper)[pri:0, instance:runner.TestRunner@363ee3a2]" started-at="2025-08-11T16:33:01 IST" name="runScenario" description="Runs Cucumber Scenarios" data-provider="scenarios" finished-at="2025-08-11T16:33:33 IST" duration-ms="31481" status="PASS">
          <params>
            <param index="0">
              <value>
                <![CDATA["Fetch and process articles"]]>
              </value>
            </param>
            <param index="1">
              <value>
                <![CDATA["Scrape and translate El Pais Opinion section"]]>
              </value>
            </param>
          </params>
          <reporter-output>
          </reporter-output>
        </test-method> <!-- runScenario -->
        <test-method is-config="true" signature="tearDownClass()[pri:0, instance:runner.TestRunner@363ee3a2]" started-at="2025-08-11T16:33:33 IST" name="tearDownClass" finished-at="2025-08-11T16:33:33 IST" duration-ms="24" status="PASS">
          <reporter-output>
          </reporter-output>
        </test-method> <!-- tearDownClass -->
      </class> <!-- runner.TestRunner -->
    </test> <!-- Surefire test -->
  </suite> <!-- Surefire suite -->
</testng-results>
